<?xml version="1.0" encoding="UTF-8"?>
<!-- Generated by org.testng.reporters.JUnitReportReporter -->
<testsuite skipped="0" hostname="akbajpai.remote.csb" name="com.qa.adminCentre.tests.HomePageTest" tests="3" failures="0" timestamp="12 Apr 2023 10:30:45 GMT" time="1.005" errors="0">
  <testcase name="searchTest" time="1.002" classname="com.qa.adminCentre.tests.HomePageTest"/>
  <testcase name="titleTest" time="0.003" classname="com.qa.adminCentre.tests.HomePageTest"/>
  <testcase name="urlTest" time="0.000" classname="com.qa.adminCentre.tests.HomePageTest"/>
</testsuite> <!-- com.qa.adminCentre.tests.HomePageTest -->
