<?xml version="1.0" encoding="UTF-8"?>
<!-- Generated by org.testng.reporters.JUnitReportReporter -->
<testsuite skipped="0" hostname="akbajpai.remote.csb" name="com.qa.adminCentre.tests.HomePageTest" tests="1" failures="0" timestamp="13 Apr 2023 18:43:47 GMT" time="2.630" errors="0">
  <testcase name="feedbackTest" time="2.630" classname="com.qa.adminCentre.tests.HomePageTest"/>
</testsuite> <!-- com.qa.adminCentre.tests.HomePageTest -->
