<?xml version="1.0" encoding="UTF-8"?>
<!-- Generated by org.testng.reporters.JUnitReportReporter -->
<testsuite skipped="0" hostname="akbajpai.remote.csb" name="com.qa.adminCentre.tests.HomePageTest" tests="3" failures="0" timestamp="10 Apr 2023 11:18:10 GMT" time="1.052" errors="0">
  <testcase name="titleTest" time="0.005" classname="com.qa.adminCentre.tests.HomePageTest"/>
  <testcase name="urlTest" time="0.001" classname="com.qa.adminCentre.tests.HomePageTest"/>
  <testcase name="searchTest" time="1.046" classname="com.qa.adminCentre.tests.HomePageTest"/>
</testsuite> <!-- com.qa.adminCentre.tests.HomePageTest -->
